<?xml version="1.0" encoding="UTF-8"?>
<!-- Generated by org.testng.reporters.JUnitReportReporter -->
<testsuite hostname="LAPTOP-8BU1SF3T" failures="0" tests="1" name="testng.testngreview" time="0.004" errors="0" timestamp="2021-08-31T15:41:09 IST" skipped="0">
  <testcase classname="testng.testngreview" name="f" time="0.004"/>
  <system-out/>
</testsuite> <!-- testng.testngreview -->
